<?xml version="1.0" encoding="UTF-8"?>
<!-- Generated by org.testng.reporters.JUnitXMLReporter -->
<testsuite hostname="NX00441" failures="0" tests="9" name="Default test" time="0.066" errors="0" timestamp="6 Mar 2020 12:02:10 GMT">
  <testcase classname="nextbridge.pk_VisualValidation_MainCode.mainPage" name="@BeforeClass parametersInitializing" time="0.0">
    <failure type="org.testng.TestNGException" message="
Parameter &amp;apos;Batch&amp;apos; is required by @Configuration on method parametersInitializing but has not been marked @Optional or defined
in C:\Users\gulraiz.shabbir\AppData\Local\Temp\testng-eclipse--1864024106\testng-customsuite.xml">
      <![CDATA[org.testng.TestNGException: 
Parameter 'Batch' is required by @Configuration on method parametersInitializing but has not been marked @Optional or defined
in C:\Users\gulraiz.shabbir\AppData\Local\Temp\testng-eclipse--1864024106\testng-customsuite.xml
	at org.testng.internal.Parameters.createParameters(Parameters.java:155)
	at org.testng.internal.Parameters.createParameters(Parameters.java:355)
	at org.testng.internal.Parameters.createConfigurationParameters(Parameters.java:86)
	at org.testng.internal.Invoker.invokeConfigurations(Invoker.java:199)
	at org.testng.internal.Invoker.invokeConfigurations(Invoker.java:138)
	at org.testng.internal.TestMethodWorker.invokeBeforeClassMethods(TestMethodWorker.java:175)
	at org.testng.internal.TestMethodWorker.run(TestMethodWorker.java:107)
	at org.testng.TestRunner.privateRun(TestRunner.java:767)
	at org.testng.TestRunner.run(TestRunner.java:617)
	at org.testng.SuiteRunner.runTest(SuiteRunner.java:334)
	at org.testng.SuiteRunner.runSequentially(SuiteRunner.java:329)
	at org.testng.SuiteRunner.privateRun(SuiteRunner.java:291)
	at org.testng.SuiteRunner.run(SuiteRunner.java:240)
	at org.testng.SuiteRunnerWorker.runSuite(SuiteRunnerWorker.java:52)
	at org.testng.SuiteRunnerWorker.run(SuiteRunnerWorker.java:86)
	at org.testng.TestNG.runSuitesSequentially(TestNG.java:1198)
	at org.testng.TestNG.runSuitesLocally(TestNG.java:1123)
	at org.testng.TestNG.run(TestNG.java:1031)
	at org.testng.remote.AbstractRemoteTestNG.run(AbstractRemoteTestNG.java:115)
	at org.testng.remote.RemoteTestNG.initAndRun(RemoteTestNG.java:251)
	at org.testng.remote.RemoteTestNG.main(RemoteTestNG.java:77)
]]>
    </failure>
  </testcase> <!-- @BeforeClass parametersInitializing -->
  <testcase classname="nextbridge.pk_VisualValidation_MainCode.mainPage" name="@AfterClass Destroy" time="0.0">
    <skipped/>
  </testcase> <!-- @AfterClass Destroy -->
  <testcase classname="nextbridge.pk_VisualValidation_MainCode.mainPage" name="mainPageOpening" time="0.0">
    <skipped/>
  </testcase> <!-- mainPageOpening -->
  <testcase classname="nextbridge.pk_VisualValidation_MainCode.mainPage" name="mainPageScreen" time="0.014">
    <skipped/>
  </testcase> <!-- mainPageScreen -->
  <testcase classname="nextbridge.pk_VisualValidation_MainCode.mainPage" name="aboutClick" time="0.0">
    <skipped/>
  </testcase> <!-- aboutClick -->
  <testcase classname="nextbridge.pk_VisualValidation_MainCode.mainPage" name="contactClick" time="0.0">
    <skipped/>
  </testcase> <!-- contactClick -->
  <testcase classname="nextbridge.pk_VisualValidation_MainCode.mainPage" name="servicesclick" time="0.0">
    <skipped/>
  </testcase> <!-- servicesclick -->
  <testcase classname="nextbridge.pk_VisualValidation_MainCode.mainPage" name="technologiesclick" time="0.0">
    <skipped/>
  </testcase> <!-- technologiesclick -->
  <testcase classname="nextbridge.pk_VisualValidation_MainCode.mainPage" name="roboticsWorkClick" time="0.0">
    <skipped/>
  </testcase> <!-- roboticsWorkClick -->
  <testcase classname="nextbridge.pk_VisualValidation_MainCode.mainPage" name="socialActivitiesClick" time="0.007">
    <skipped/>
  </testcase> <!-- socialActivitiesClick -->
  <testcase classname="nextbridge.pk_VisualValidation_MainCode.mainPage" name="careersClick" time="0.0">
    <skipped/>
  </testcase> <!-- careersClick -->
</testsuite> <!-- Default test -->
